[INFO] Scanning for projects...
[INFO] 
[INFO] ------------------------< com.example:shopupu >-------------------------
[INFO] Building shopupu 0.0.1-SNAPSHOT
[INFO]   from pom.xml
[INFO] --------------------------------[ jar ]---------------------------------
[INFO] 
[INFO] >>> spring-boot:4.0.0-M3:run (default-cli) > test-compile @ shopupu >>>
[INFO] 
[INFO] --- resources:3.3.1:resources (default-resources) @ shopupu ---
[INFO] Copying 2 resources from src\main\resources to target\classes
[INFO] Copying 8 resources from src\main\resources to target\classes
[INFO] 
[INFO] --- compiler:3.14.0:compile (default-compile) @ shopupu ---
[INFO] Recompiling the module because of changed source code.
[INFO] Compiling 127 source files with javac [debug parameters release 25] to target\classes
[INFO] /C:/Users/dmytr/IdeaProjects/shopupu/src/main/java/com/example/shopupu/common/exception/GlobalExceptionHandler.java: C:\Users\dmytr\IdeaProjects\shopupu\src\main\java\com\example\shopupu\common\exception\GlobalExceptionHandler.java uses or overrides a deprecated API.
[INFO] /C:/Users/dmytr/IdeaProjects/shopupu/src/main/java/com/example/shopupu/common/exception/GlobalExceptionHandler.java: Recompile with -Xlint:deprecation for details.
[INFO] 
[INFO] --- resources:3.3.1:testResources (default-testResources) @ shopupu ---
[INFO] Copying 1 resource from src\test\resources to target\test-classes
[INFO] 
[INFO] --- compiler:3.14.0:testCompile (default-testCompile) @ shopupu ---
[INFO] Recompiling the module because of changed dependency.
[INFO] Compiling 15 source files with javac [debug parameters release 25] to target\test-classes
[INFO] /C:/Users/dmytr/IdeaProjects/shopupu/src/test/java/com/example/shopupu/cart/service/CartServiceTest.java: Some input files use unchecked or unsafe operations.
[INFO] /C:/Users/dmytr/IdeaProjects/shopupu/src/test/java/com/example/shopupu/cart/service/CartServiceTest.java: Recompile with -Xlint:unchecked for details.
[INFO] 
[INFO] <<< spring-boot:4.0.0-M3:run (default-cli) < test-compile @ shopupu <<<
[INFO] 
[INFO] 
[INFO] --- spring-boot:4.0.0-M3:run (default-cli) @ shopupu ---
[INFO] Attaching agents: []

  .   ____          _            __ _ _
 /\\ / ___'_ __ _ _(_)_ __  __ _ \ \ \ \
( ( )\___ | '_ | '_| | '_ \/ _` | \ \ \ \
 \\/  ___)| |_)| | | | | || (_| |  ) ) ) )
  '  |____| .__|_| |_|_| |_\__, | / / / /
 =========|_|==============|___/=/_/_/_/

 :: Spring Boot ::             (v4.0.0-M3)

2026-05-11T22:00:03.358+02:00  INFO 17644 --- [shopupu] [  restartedMain] com.example.shopupu.ShopupuApplication   : Starting ShopupuApplication using Java 25 with PID 17644 (C:\Users\dmytr\IdeaProjects\shopupu\target\classes started by dmytr in C:\Users\dmytr\IdeaProjects\shopupu)
2026-05-11T22:00:03.360+02:00  INFO 17644 --- [shopupu] [  restartedMain] com.example.shopupu.ShopupuApplication   : No active profile set, falling back to 1 default profile: "default"
2026-05-11T22:00:03.400+02:00  INFO 17644 --- [shopupu] [  restartedMain] .e.DevToolsPropertyDefaultsPostProcessor : Devtools property defaults active! Set 'spring.devtools.add-properties' to 'false' to disable
2026-05-11T22:00:03.400+02:00  INFO 17644 --- [shopupu] [  restartedMain] .e.DevToolsPropertyDefaultsPostProcessor : For additional web related logging consider setting the 'logging.level.web' property to 'DEBUG'
2026-05-11T22:00:04.083+02:00  INFO 17644 --- [shopupu] [  restartedMain] .s.d.r.c.RepositoryConfigurationDelegate : Bootstrapping Spring Data JPA repositories in DEFAULT mode.
2026-05-11T22:00:04.174+02:00  INFO 17644 --- [shopupu] [  restartedMain] .s.d.r.c.RepositoryConfigurationDelegate : Finished Spring Data repository scanning in 83 ms. Found 15 JPA repository interfaces.
2026-05-11T22:00:04.642+02:00  INFO 17644 --- [shopupu] [  restartedMain] o.s.boot.tomcat.TomcatWebServer          : Tomcat initialized with port 18080 (http)
2026-05-11T22:00:04.653+02:00  INFO 17644 --- [shopupu] [  restartedMain] o.apache.catalina.core.StandardService   : Starting service [Tomcat]
2026-05-11T22:00:04.654+02:00  INFO 17644 --- [shopupu] [  restartedMain] o.apache.catalina.core.StandardEngine    : Starting Servlet engine: [Apache Tomcat/11.0.11]
2026-05-11T22:00:04.697+02:00  INFO 17644 --- [shopupu] [  restartedMain] b.w.c.s.WebApplicationContextInitializer : Root WebApplicationContext: initialization completed in 1296 ms
2026-05-11T22:00:04.892+02:00  INFO 17644 --- [shopupu] [  restartedMain] com.zaxxer.hikari.HikariDataSource       : HikariPool-1 - Starting...
2026-05-11T22:00:05.018+02:00  INFO 17644 --- [shopupu] [  restartedMain] com.zaxxer.hikari.pool.HikariPool        : HikariPool-1 - Added connection org.postgresql.jdbc.PgConnection@1e0281b9
2026-05-11T22:00:05.020+02:00  INFO 17644 --- [shopupu] [  restartedMain] com.zaxxer.hikari.HikariDataSource       : HikariPool-1 - Start completed.
2026-05-11T22:00:05.038+02:00  INFO 17644 --- [shopupu] [  restartedMain] org.flywaydb.core.FlywayExecutor         : Database: jdbc:postgresql://localhost:5432/shopupu (PostgreSQL 18.0)
2026-05-11T22:00:05.045+02:00  WARN 17644 --- [shopupu] [  restartedMain] o.f.c.internal.database.base.Database    : Flyway upgrade recommended: PostgreSQL 18.0 is newer than this version of Flyway and support has not been tested. The latest supported version of PostgreSQL is 17.
2026-05-11T22:00:05.076+02:00  INFO 17644 --- [shopupu] [  restartedMain] o.f.core.internal.command.DbValidate     : Successfully validated 8 migrations (execution time 00:00.021s)
2026-05-11T22:00:05.117+02:00  INFO 17644 --- [shopupu] [  restartedMain] o.f.core.internal.command.DbMigrate      : Current version of schema "public": 8
2026-05-11T22:00:05.119+02:00  INFO 17644 --- [shopupu] [  restartedMain] o.f.core.internal.command.DbMigrate      : Schema "public" is up to date. No migration necessary.
2026-05-11T22:00:05.188+02:00  INFO 17644 --- [shopupu] [  restartedMain] o.hibernate.jpa.internal.util.LogHelper  : HHH000204: Processing PersistenceUnitInfo [name: default]
2026-05-11T22:00:05.225+02:00  INFO 17644 --- [shopupu] [  restartedMain] org.hibernate.Version                    : HHH000412: Hibernate ORM core version 7.1.1.Final
2026-05-11T22:00:05.586+02:00  INFO 17644 --- [shopupu] [  restartedMain] o.s.o.j.p.SpringPersistenceUnitInfo      : No LoadTimeWeaver setup: ignoring JPA class transformer
2026-05-11T22:00:05.650+02:00  INFO 17644 --- [shopupu] [  restartedMain] org.hibernate.orm.connections.pooling    : HHH10001005: Database info:
	Database JDBC URL [jdbc:postgresql://localhost:5432/shopupu]
	Database driver: PostgreSQL JDBC Driver
	Database dialect: PostgreSQLDialect
	Database version: 18.0
	Default catalog/schema: shopupu/public
	Autocommit mode: undefined/unknown
	Isolation level: READ_COMMITTED [default READ_COMMITTED]
	JDBC fetch size: none
	Pool: DatasourceConnectionProviderImpl
	Minimum pool size: undefined/unknown
	Maximum pool size: undefined/unknown
2026-05-11T22:00:06.575+02:00  INFO 17644 --- [shopupu] [  restartedMain] o.h.e.t.j.p.i.JtaPlatformInitiator       : HHH000489: No JTA platform available (set 'hibernate.transaction.jta.platform' to enable JTA platform integration)
2026-05-11T22:00:06.617+02:00  INFO 17644 --- [shopupu] [  restartedMain] j.LocalContainerEntityManagerFactoryBean : Initialized JPA EntityManagerFactory for persistence unit 'default'
2026-05-11T22:00:06.679+02:00  INFO 17644 --- [shopupu] [  restartedMain] o.s.d.j.r.query.QueryEnhancerFactories   : Hibernate is in classpath; If applicable, HQL parser will be used.
2026-05-11T22:00:06.896+02:00  INFO 17644 --- [shopupu] [  restartedMain] r$InitializeUserDetailsManagerConfigurer : Global AuthenticationManager configured with UserDetailsService bean with name customUserDetailsService
2026-05-11T22:00:08.094+02:00  WARN 17644 --- [shopupu] [  restartedMain] JpaBaseConfiguration$JpaWebConfiguration : spring.jpa.open-in-view is enabled by default. Therefore, database queries may be performed during view rendering. Explicitly configure spring.jpa.open-in-view to disable this warning
2026-05-11T22:00:08.433+02:00  WARN 17644 --- [shopupu] [  restartedMain] o.s.w.s.resource.ResourceHandlerUtils    : Appended trailing slash to static resource location: file:///C:/Users/dmytr/IdeaProjects/shopupu/uploads/
2026-05-11T22:00:08.660+02:00  WARN 17644 --- [shopupu] [  restartedMain] o.s.b.d.a.OptionalLiveReloadServer       : Unable to start LiveReload server
2026-05-11T22:00:08.732+02:00  INFO 17644 --- [shopupu] [  restartedMain] o.s.boot.tomcat.TomcatWebServer          : Tomcat started on port 18080 (http) with context path '/'
2026-05-11T22:00:08.739+02:00  INFO 17644 --- [shopupu] [  restartedMain] com.example.shopupu.ShopupuApplication   : Started ShopupuApplication in 5.713 seconds (process running for 6.204)
2026-05-11T22:00:08.970+02:00  WARN 17644 --- [shopupu] [  restartedMain] o.s.core.events.SpringDocAppInitializer  : SpringDoc /v3/api-docs endpoint is enabled by default. To disable it in production, set the property 'springdoc.api-docs.enabled=false'
2026-05-11T22:00:08.970+02:00  WARN 17644 --- [shopupu] [  restartedMain] o.s.core.events.SpringDocAppInitializer  : SpringDoc /swagger-ui.html endpoint is enabled by default. To disable it in production, set the property 'springdoc.swagger-ui.enabled=false'
2026-05-11T22:00:09.138+02:00  INFO 17644 --- [shopupu] [io-18080-exec-1] o.a.c.c.C.[Tomcat].[localhost].[/]       : Initializing Spring DispatcherServlet 'dispatcherServlet'
2026-05-11T22:00:09.138+02:00  INFO 17644 --- [shopupu] [io-18080-exec-1] o.s.web.servlet.DispatcherServlet        : Initializing Servlet 'dispatcherServlet'
2026-05-11T22:00:09.140+02:00  INFO 17644 --- [shopupu] [io-18080-exec-1] o.s.web.servlet.DispatcherServlet        : Completed initialization in 1 ms
2026-05-11T22:00:09.572+02:00  INFO 17644 --- [shopupu] [io-18080-exec-1] o.springdoc.api.AbstractOpenApiResource  : Init duration for springdoc-openapi is: 393 ms
[INFO] ------------------------------------------------------------------------
[INFO] BUILD FAILURE
[INFO] ------------------------------------------------------------------------
[INFO] Total time:  54.024 s
[INFO] Finished at: 2026-05-11T22:00:46+02:00
[INFO] ------------------------------------------------------------------------
[ERROR] Failed to execute goal org.springframework.boot:spring-boot-maven-plugin:4.0.0-M3:run (default-cli) on project shopupu: Process terminated with exit code: -1 -> [Help 1]
[ERROR] 
[ERROR] To see the full stack trace of the errors, re-run Maven with the -e switch.
[ERROR] Re-run Maven using the -X switch to enable full debug logging.
[ERROR] 
[ERROR] For more information about the errors and possible solutions, please read the following articles:
[ERROR] [Help 1] http://cwiki.apache.org/confluence/display/MAVEN/MojoExecutionException
